<?xml version="1.0" encoding="UTF-8"?>
<!-- Generated by org.testng.reporters.JUnitReportReporter -->
<testsuite hostname="LTIN333384" failures="0" tests="2" name="testCases.TC03_login" time="11.845" errors="0" timestamp="2024-02-28T16:45:49 IST" skipped="0">
  <testcase classname="testCases.TC03_login" name="googleLogin" time="11.054"/>
  <testcase classname="testCases.TC03_login" name="output" time="0.791"/>
</testsuite> <!-- testCases.TC03_login -->
