<?xml version="1.0" encoding="UTF-8"?>
<!-- Generated by org.testng.reporters.JUnitReportReporter -->
<testsuite hostname="LTIN333384" failures="0" tests="2" name="testCases.TC02_usedCars" time="48.411" errors="0" timestamp="2024-02-28T16:45:49 IST" skipped="0">
  <testcase classname="testCases.TC02_usedCars" name="usedCars" time="33.111"/>
  <testcase classname="testCases.TC02_usedCars" name="modelNames" time="15.300"/>
</testsuite> <!-- testCases.TC02_usedCars -->
