<?xml version="1.0" encoding="UTF-8"?>
<!-- Generated by org.testng.reporters.JUnitReportReporter -->
<testsuite hostname="LTIN333384" failures="0" tests="2" name="testCases.TC01_identifyingNewBikes" time="26.770" errors="0" timestamp="2024-02-28T16:45:49 IST" skipped="0">
  <testcase classname="testCases.TC01_identifyingNewBikes" name="upcomingBikesInIndia" time="11.040"/>
  <testcase classname="testCases.TC01_identifyingNewBikes" name="manufacturer" time="15.730"/>
</testsuite> <!-- testCases.TC01_identifyingNewBikes -->
